<?xml version="1.0" encoding="UTF-8"?>
<!-- Generated by org.testng.reporters.JUnitReportReporter -->
<testsuite hostname="DESKTOP-52O8G07" failures="0" tests="1" name="webshop_test.LogoFooterTest" time="0.128" errors="0" timestamp="2024-08-27T16:50:06 IST" skipped="0">
  <testcase classname="webshop_test.LogoFooterTest" name="logoFooterValid" time="0.128"/>
</testsuite> <!-- webshop_test.LogoFooterTest -->
