<?xml version="1.0" encoding="UTF-8"?>
<!-- Generated by org.testng.reporters.JUnitReportReporter -->
<testsuite hostname="DESKTOP-52O8G07" failures="0" tests="1" name="webshop_test.ProductTest" time="13.991" errors="0" timestamp="2024-08-27T16:50:06 IST" skipped="0">
  <testcase classname="webshop_test.ProductTest" name="orderPlace" time="13.991"/>
</testsuite> <!-- webshop_test.ProductTest -->
