<?xml version="1.0" encoding="UTF-8"?>
<!-- Generated by org.testng.reporters.JUnitReportReporter -->
<testsuite hostname="DESKTOP-52O8G07" failures="0" tests="1" name="webshop_test.LoginTest" time="3.533" errors="0" timestamp="2024-08-27T16:50:06 IST" skipped="0">
  <testcase classname="webshop_test.LoginTest" name="login" time="3.533"/>
</testsuite> <!-- webshop_test.LoginTest -->
